<?xml version="1.0" encoding="UTF-8"?>
<!-- Generated by org.testng.reporters.JUnitReportReporter -->
<testsuite hostname="VMT8413" failures="0" tests="1" name="com.TestNG.Login" time="0.201" errors="0" timestamp="2022-11-23T18:37:41 IST" skipped="0">
  <testcase classname="com.TestNG.Login" name="LoginCreditials" time="0.201"/>
  <system-out/>
</testsuite> <!-- com.TestNG.Login -->
