<?xml version="1.0" encoding="UTF-8"?>
<!-- Generated by org.testng.reporters.JUnitReportReporter -->
<testsuite hostname="VMT8413" failures="0" tests="1" name="com.TestNG.ExtentReport" time="0.644" errors="0" timestamp="2022-11-21T12:53:11 IST" skipped="0">
  <testcase classname="com.TestNG.ExtentReport" name="f1" time="0.644"/>
  <system-out/>
</testsuite> <!-- com.TestNG.ExtentReport -->
