<?xml version="1.0" encoding="UTF-8"?>
<!-- Generated by org.testng.reporters.JUnitReportReporter -->
<testsuite hostname="VMT8413" failures="0" tests="1" name="com.TestNG.BrowserSetup" time="0.141" errors="0" timestamp="2022-11-21T15:04:34 IST" skipped="0">
  <testcase classname="com.TestNG.BrowserSetup" name="BrowserSetupMethod" time="0.141"/>
  <system-out/>
</testsuite> <!-- com.TestNG.BrowserSetup -->
