<?xml version="1.0" encoding="UTF-8"?>
<!-- Generated by org.testng.reporters.JUnitReportReporter -->
<testsuite hostname="VMT8413" failures="0" tests="1" name="com.TestNG.FirstReport" time="4.090" errors="0" timestamp="2022-11-21T12:33:05 IST" skipped="0">
  <testcase classname="com.TestNG.FirstReport" name="f1" time="4.090"/>
  <system-out/>
</testsuite> <!-- com.TestNG.FirstReport -->
