<?xml version="1.0" encoding="UTF-8"?>
<!-- Generated by org.testng.reporters.JUnitReportReporter -->
<testsuite hostname="VMT8413" failures="0" tests="1" name="com.TestNG.PrintToolsQA1" time="0.009" errors="0" timestamp="2022-11-17T23:42:07 IST" skipped="0">
  <testcase classname="com.TestNG.PrintToolsQA1" name="verifysum" time="0.009"/>
  <system-out/>
</testsuite> <!-- com.TestNG.PrintToolsQA1 -->
