<?xml version="1.0" encoding="UTF-8"?>
<!-- Generated by org.testng.reporters.JUnitReportReporter -->
<testsuite hostname="VMT8413" failures="0" tests="1" name="com.TestNG.ValidatingElements" time="0.243" errors="0" timestamp="2022-11-23T18:37:41 IST" skipped="0">
  <testcase classname="com.TestNG.ValidatingElements" name="VerifyElements" time="0.243"/>
  <system-out/>
</testsuite> <!-- com.TestNG.ValidatingElements -->
